<?xml version="1.0" encoding="UTF-8"?>
<!-- Generated by org.testng.reporters.JUnitXMLReporter -->
<testsuite ignored="3" hostname="DESKTOP-0L3OQIE" failures="0" tests="37" name="Test" time="201.804" errors="0" timestamp="17 Mar 2025 06:06:39 GMT">
  <testcase classname="com.Automationframeworktest.LoginTest" name="testValidLogin" time="3.66"/>
  <testcase classname="com.Automationframeworktest.DashboardTest" name="testClickSocialScience9A" time="0.114"/>
  <testcase classname="com.Automationframeworktest.ClassessPageTest" name="testClickOnClassesPageLink" time="3.537"/>
  <testcase classname="com.Automationframeworktest.AssignmentsTest" name="testOpenAssignmentsPage" time="5.099"/>
  <testcase classname="com.Automationframeworktest.DashboardTest" name="testClickSocialScience9B" time="0.135"/>
  <testcase classname="com.Automationframeworktest.ClassessPageTest" name="testClickOnLesson" time="6.832"/>
  <testcase classname="com.Automationframeworktest.AssignmentsTest" name="SocialScience9A" time="2.783"/>
  <testcase classname="com.Automationframeworktest.DashboardTest" name="testClickSocialScience9C" time="0.17"/>
  <testcase classname="com.Automationframeworktest.ClassessPageTest" name="testMicOn" time="1.139"/>
  <testcase classname="com.Automationframeworktest.AssignmentsTest" name="clickHomeworkDropdown" time="17.508"/>
  <testcase classname="com.Automationframeworktest.DashboardTest" name="testClickSocialScience9D" time="0.134"/>
  <testcase classname="com.Automationframeworktest.ClassessPageTest" name="testMicOff" time="1.101"/>
  <testcase classname="com.Automationframeworktest.AssignmentsTest" name="viewStudentHomework" time="1.144"/>
  <testcase classname="com.Automationframeworktest.DashboardTest" name="ToDOList_clickAddbutton" time="0.111"/>
  <testcase classname="com.Automationframeworktest.ClassessPageTest" name="scrollToElement" time="3.097"/>
  <testcase classname="com.Automationframeworktest.DashboardTest" name="AddDescription_ForToDo" time="0.459"/>
  <testcase classname="com.Automationframeworktest.ClassessPageTest" name="scrolldown" time="20.194"/>
  <testcase classname="com.Automationframeworktest.AssignmentsTest" name="closeView" time="1.217"/>
  <testcase classname="com.Automationframeworktest.DashboardTest" name="scrollToElement" time="11.081"/>
  <testcase classname="com.Automationframeworktest.DashboardTest" name="testScrollUp" time="11.079"/>
  <testcase classname="com.Automationframeworktest.ClassessPageTest" name="testViewQuizButton" time="1.149"/>
  <testcase classname="com.Automationframeworktest.AssignmentsTest" name="AssignHomeworkButton" time="14.139"/>
  <testcase classname="com.Automationframeworktest.DashboardTest" name="Practice" time="11.076"/>
  <testcase classname="com.Automationframeworktest.ClassessPageTest" name="testViewQuizClose" time="1.187"/>
  <testcase classname="com.Automationframeworktest.AssignmentsTest" name="ClickOnTopic" time="10.313"/>
  <testcase classname="com.Automationframeworktest.ClassessPageTest" name="testClickNextButton" time="0.195"/>
  <testcase classname="com.Automationframeworktest.AssignmentsTest" name="EnterTopics" time="1.221"/>
  <testcase classname="com.Automationframeworktest.AssignmentsTest" name="NoHomeworkFor90" time="1.242"/>
  <testcase classname="com.Automationframeworktest.AssignmentsTest" name="selectQuestionType" time="1.231"/>
  <testcase classname="com.Automationframeworktest.AssignmentsTest" name="AddQuestionTypeMultipleChoice" time="1.256"/>
  <testcase classname="com.Automationframeworktest.AssignmentsTest" name="Stratified" time="10.214"/>
  <testcase classname="com.Automationframeworktest.AssignmentsTest" name="Adaptive" time="10.233"/>
  <testcase classname="com.Automationframeworktest.AssignmentsTest" name="clickonSubjective" time="1.253"/>
  <testcase classname="com.Automationframeworktest.AssignmentsTest" name="enterMarks" time="1.134"/>
  <testcase classname="com.Automationframeworktest.AssignmentsTest" name="idealAnswer" time="1.214"/>
  <testcase classname="com.Automationframeworktest.AssignmentsTest" name="AttachRubrics" time="1.241"/>
  <testcase classname="com.Automationframeworktest.AssignmentsTest" name="ClickRubricslink" time="2.283"/>
  <testcase classname="com.automationframework.TestBase" name="@AfterSuite flushReports" time="0.0">
    <ignored/>
  </testcase> <!-- @AfterSuite flushReports -->
  <testcase classname="com.automationframework.TestBase" name="@AfterSuite flushReports" time="0.0">
    <ignored/>
  </testcase> <!-- @AfterSuite flushReports -->
  <testcase classname="com.automationframework.TestBase" name="@AfterSuite flushReports" time="0.0">
    <ignored/>
  </testcase> <!-- @AfterSuite flushReports -->
</testsuite> <!-- Test -->
