<?xml version="1.0" encoding="UTF-8"?>
<!-- Generated by org.testng.reporters.JUnitXMLReporter -->
<testsuite ignored="2" hostname="DESKTOP-0L3OQIE" failures="0" tests="23" name="AutomationProject" time="113.482" errors="0" timestamp="19 Feb 2025 12:38:34 GMT">
  <testcase classname="com.Automationframeworktest.LoginTest" name="testValidLogin" time="3.325"/>
  <testcase classname="com.Automationframeworktest.AssignmentsTest" name="testOpenAssignmentsPage" time="2.489"/>
  <testcase classname="com.Automationframeworktest.DashboardTest" name="testClickSocialScience9A" time="0.114"/>
  <testcase classname="com.Automationframeworktest.AssignmentsTest" name="SocialScience9A" time="1.693"/>
  <testcase classname="com.Automationframeworktest.DashboardTest" name="testClickSocialScience9B" time="0.124"/>
  <testcase classname="com.Automationframeworktest.AssignmentsTest" name="clickHomeworkDropdown" time="10.674"/>
  <testcase classname="com.Automationframeworktest.DashboardTest" name="testClickSocialScience9C" time="0.122"/>
  <testcase classname="com.Automationframeworktest.AssignmentsTest" name="viewStudentHomework" time="1.169"/>
  <testcase classname="com.Automationframeworktest.DashboardTest" name="testClickSocialScience9D" time="0.106"/>
  <testcase classname="com.Automationframeworktest.DashboardTest" name="ToDOList_clickAddbutton" time="0.125"/>
  <testcase classname="com.Automationframeworktest.AssignmentsTest" name="closeView" time="1.21"/>
  <testcase classname="com.Automationframeworktest.DashboardTest" name="AddDescription_ForToDo" time="0.45"/>
  <testcase classname="com.Automationframeworktest.AssignmentsTest" name="AssignHomeworkButton" time="13.454"/>
  <testcase classname="com.Automationframeworktest.DashboardTest" name="scrollToElement" time="11.078"/>
  <testcase classname="com.Automationframeworktest.DashboardTest" name="testScrollUp" time="11.069"/>
  <testcase classname="com.Automationframeworktest.AssignmentsTest" name="ClickOnTopic" time="10.198"/>
  <testcase classname="com.Automationframeworktest.DashboardTest" name="Practice" time="11.063"/>
  <testcase classname="com.Automationframeworktest.AssignmentsTest" name="EnterTopics" time="1.237"/>
  <testcase classname="com.Automationframeworktest.AssignmentsTest" name="NoHomeworkFor90" time="1.22"/>
  <testcase classname="com.Automationframeworktest.AssignmentsTest" name="selectQuestionType" time="1.258"/>
  <testcase classname="com.Automationframeworktest.AssignmentsTest" name="AddQuestionTypeMultipleChoice" time="1.242"/>
  <testcase classname="com.Automationframeworktest.AssignmentsTest" name="Stratified" time="1.192"/>
  <testcase classname="com.Automationframeworktest.AssignmentsTest" name="Adaptive" time="10.221"/>
  <testcase classname="com.automationframework.TestBase" name="@AfterSuite flushReports" time="0.0">
    <ignored/>
  </testcase> <!-- @AfterSuite flushReports -->
  <testcase classname="com.automationframework.TestBase" name="@AfterSuite flushReports" time="0.0">
    <ignored/>
  </testcase> <!-- @AfterSuite flushReports -->
</testsuite> <!-- AutomationProject -->
